<?xml version="1.0" encoding="UTF-8"?>
<testsuite name="CategoryTest" tests="7" skipped="0" failures="0" errors="0" timestamp="2015-09-03T17:54:09" hostname="epicodus-112.local" time="0.216">
  <properties/>
  <testcase name="equals_returnsTrueIfNamesAretheSame" classname="CategoryTest" time="0.077"/>
  <testcase name="delete_deletesAllTasksAndListsAssociations" classname="CategoryTest" time="0.053"/>
  <testcase name="getTasks_returnsAllTasks_ArrayList" classname="CategoryTest" time="0.025"/>
  <testcase name="all_emptyAtFirst" classname="CategoryTest" time="0.009"/>
  <testcase name="addTask_addsTaskToCategory" classname="CategoryTest" time="0.024"/>
  <testcase name="find_findCategoryInDatabase_true" classname="CategoryTest" time="0.012"/>
  <testcase name="save_savesIntoDatabase_true" classname="CategoryTest" time="0.013"/>
  <system-out><![CDATA[]]></system-out>
  <system-err><![CDATA[]]></system-err>
</testsuite>
